[debug] [2026-04-25T13:06:34.660Z] ----------------------------------------------------------------------
[debug] [2026-04-25T13:06:34.666Z] Command:       /usr/local/bin/node /Users/masjak/Documents/Hcsroomservice/node_modules/.bin/firebase deploy --only hosting
[debug] [2026-04-25T13:06:34.666Z] CLI Version:   15.15.0
[debug] [2026-04-25T13:06:34.667Z] Platform:      darwin
[debug] [2026-04-25T13:06:34.667Z] Node Version:  v24.12.0
[debug] [2026-04-25T13:06:34.667Z] Time:          Sat Apr 25 2026 20:06:34 GMT+0700 (Western Indonesia Time)
[debug] [2026-04-25T13:06:34.667Z] ----------------------------------------------------------------------
[debug] 
[debug] [2026-04-25T13:06:37.865Z] > command requires scopes: ["email","openid","https://www.googleapis.com/auth/cloudplatformprojects.readonly","https://www.googleapis.com/auth/firebase","https://www.googleapis.com/auth/cloud-platform"]
[debug] [2026-04-25T13:06:37.865Z] > authorizing via signed-in user (masjaak@gmail.com)
[debug] [2026-04-25T13:06:37.865Z] [iam] checking project hcsroomserviceapp for permissions ["firebase.projects.get","firebasehosting.sites.update"]
[debug] [2026-04-25T13:06:37.867Z] Checked if tokens are valid: false, expires at: 1777120618215
[debug] [2026-04-25T13:06:37.867Z] Checked if tokens are valid: false, expires at: 1777120618215
[debug] [2026-04-25T13:06:37.867Z] > refreshing access token with scopes: []
[debug] [2026-04-25T13:06:37.871Z] >>> [apiv2][query] POST https://www.googleapis.com/oauth2/v3/token [none]
[debug] [2026-04-25T13:06:37.871Z] >>> [apiv2][body] POST https://www.googleapis.com/oauth2/v3/token [omitted]
[debug] [2026-04-25T13:06:37.976Z] *** [apiv2] error from fetch(https://www.googleapis.com/oauth2/v3/token, {"headers":{},"method":"POST","body":{"_overheadLength":545,"_valueLength":212,"_valuesToMeasure":[],"writable":false,"readable":true,"dataSize":0,"maxDataSize":2097152,"pauseStreams":true,"_released":true,"_streams":[],"_currentStream":null,"_insideLoop":false,"_pendingNext":false,"_boundary":"--------------------------8f0a10d85f1d8688aca410d8","_events":{},"_eventsCount":1}}): FetchError: request to https://www.googleapis.com/oauth2/v3/token failed, reason: getaddrinfo ENOTFOUND www.googleapis.com
[error] Authentication Error: Your credentials are no longer valid. Please run firebase login --reauth

For CI servers and headless environments, generate a new token with firebase login:ci
[debug] [2026-04-25T13:06:37.977Z] [iam] error while checking permissions, command may fail: Authentication Error: Your credentials are no longer valid. Please run firebase login --reauth

For CI servers and headless environments, generate a new token with firebase login:ci
[debug] [2026-04-25T13:06:37.978Z] Checked if tokens are valid: false, expires at: 1777120618215
[debug] [2026-04-25T13:06:37.978Z] Checked if tokens are valid: false, expires at: 1777120618215
[debug] [2026-04-25T13:06:37.978Z] > refreshing access token with scopes: []
[debug] [2026-04-25T13:06:37.979Z] >>> [apiv2][query] POST https://www.googleapis.com/oauth2/v3/token [none]
[debug] [2026-04-25T13:06:37.979Z] >>> [apiv2][body] POST https://www.googleapis.com/oauth2/v3/token [omitted]
[debug] [2026-04-25T13:06:37.987Z] *** [apiv2] error from fetch(https://www.googleapis.com/oauth2/v3/token, {"headers":{},"method":"POST","body":{"_overheadLength":545,"_valueLength":212,"_valuesToMeasure":[],"writable":false,"readable":true,"dataSize":0,"maxDataSize":2097152,"pauseStreams":true,"_released":true,"_streams":[],"_currentStream":null,"_insideLoop":false,"_pendingNext":false,"_boundary":"--------------------------96f5f4407238318428db77d6","_events":{},"_eventsCount":1}}): FetchError: request to https://www.googleapis.com/oauth2/v3/token failed, reason: getaddrinfo ENOTFOUND www.googleapis.com
[error] Authentication Error: Your credentials are no longer valid. Please run firebase login --reauth

For CI servers and headless environments, generate a new token with firebase login:ci
[debug] [2026-04-25T13:06:37.988Z] Authentication Error: Your credentials are no longer valid. Please run firebase login --reauth

For CI servers and headless environments, generate a new token with firebase login:ci
[error] 
[error] Error: Assertion failed: resolving hosting target of a site with no site name or target name. This should have caused an error earlier
